The system is: Linux - 4.18.0-513.24.1.el8_9.x86_64 - x86_64
Compiling the CXX compiler identification source file "CMakeCXXCompilerId.cpp" succeeded.
Compiler: /sw/spack-levante/nvhpc-24.7-py26uc/Linux_x86_64/24.7/compilers/bin/nvc++ 
Build flags: 
Id flags:  

The output was:
0


Compilation of the CXX compiler identification source "CMakeCXXCompilerId.cpp" produced "a.out"

The CXX compiler identification is NVHPC, found in "/home/b/b383366/scc_at_isc25/build_std_cpu_single/CMakeFiles/3.23.1/CompilerIdCXX/a.out"

Detecting CXX compiler ABI info compiled with the following output:
Change Dir: /home/b/b383366/scc_at_isc25/build_std_cpu_single/CMakeFiles/CMakeTmp

Run Build Command(s):/sw/spack-levante/gmake-4.4.1-upl6sh/bin/gmake -f Makefile cmTC_96e7d/fast && /sw/spack-levante/gmake-4.4.1-upl6sh/bin/gmake  -f CMakeFiles/cmTC_96e7d.dir/build.make CMakeFiles/cmTC_96e7d.dir/build
gmake[1]: Entering directory '/home/b/b383366/scc_at_isc25/build_std_cpu_single/CMakeFiles/CMakeTmp'
Building CXX object CMakeFiles/cmTC_96e7d.dir/CMakeCXXCompilerABI.cpp.o
/sw/spack-levante/nvhpc-24.7-py26uc/Linux_x86_64/24.7/compilers/bin/nvc++   -v -MD -MT CMakeFiles/cmTC_96e7d.dir/CMakeCXXCompilerABI.cpp.o -MF CMakeFiles/cmTC_96e7d.dir/CMakeCXXCompilerABI.cpp.o.d -o CMakeFiles/cmTC_96e7d.dir/CMakeCXXCompilerABI.cpp.o -c /sw/spack-levante/cmake-3.23.1-wit2ed/share/cmake-3.23/Modules/CMakeCXXCompilerABI.cpp
Export NVCOMPILER=/sw/spack-levante/nvhpc-24.7-py26uc/Linux_x86_64/24.7
Export PGI=/sw/spack-levante/nvhpc-24.7-py26uc
Create file CMakeFiles/cmTC_96e7d.dir/CMakeCXXCompilerABI.cpp.o.d

/sw/spack-levante/nvhpc-24.7-py26uc/Linux_x86_64/24.7/compilers/bin/tools/nvcpfe -- --llalign -D__GNUC__=11 -D__GNUC_MINOR__=2 -D__GNUC_PATCHLEVEL__=0 -D__unix -D__unix__ -Dunix -Dlinux -D__linux -D__linux__ -D__ELF__ -D__NO_MATH_INLINES -D__LP64__ -D__x86_64 -D__x86_64__ -D__LONG_MAX__=9223372036854775807L '-D__SIZE_TYPE__=unsigned long int' '-D__PTRDIFF_TYPE__=long int' -D__amd64 -D__amd64__ -D__k8 -D__k8__ -D__MMX__ -D__SSE_MATH__ -D__MMX_WITH_SSE__ -D__SSE__ -D__SSE2__ -D__SSE2_MATH__ -D__SSE3__ -D__SSSE3__ -D__SSE4A__ -D__SSE4_1__ -D__SSE4_2__ -D__ABM__ -D__ADX__ -D__AES__ -D__AVX__ -D__AVX2__ -D__BMI__ -D__BMI2__ -D__CLFLUSHOPT__ -D__CLWB__ -D__CLZERO__ -D__CX16__ -D__F16C__ -D__FMA__ -D__FSGSBASE__ -D__FXSR__ -D__LZCNT__ -D__MOVBE__ -D__MWAITX__ -D__PCLMUL__ -D__PKU__ -D__POPCNT__ -D__PRFCHW__ -D__RDPID__ -D__RDRND__ -D__RDSEED__ -D__LAHF_SAHF__ -D__SHA__ -D__SHSTK__ -D__VAES__ -D__VPCLMULQDQ__ -D__WBNOINVD__ -D__XSAVE__ -D__XSAVEC__ -D__XSAVEOPT__ -D__XSAVES__ -D__PGI -D__NVCOMPILER -D_GNU_SOURCE -D_PGCG_SOURCE -I- --sys_include /sw/spack-levante/nvhpc-24.7-py26uc/Linux_x86_64/24.7/compilers/include --sys_include /sw/spack-levante/nvhpc-24.7-py26uc/Linux_x86_64/24.7/compilers/include-stdexec --sys_include /sw/spack-levante/gcc-11.2.0-bcn7mb/lib/gcc/x86_64-pc-linux-gnu/11.2.0/../../../../include/c++/11.2.0 --sys_include /sw/spack-levante/gcc-11.2.0-bcn7mb/lib/gcc/x86_64-pc-linux-gnu/11.2.0/../../../../include/c++/11.2.0/x86_64-pc-linux-gnu --sys_include /sw/spack-levante/gcc-11.2.0-bcn7mb/lib/gcc/x86_64-pc-linux-gnu/11.2.0/../../../../include/c++/11.2.0/backward --sys_include /sw/spack-levante/gcc-11.2.0-bcn7mb/lib/gcc/x86_64-pc-linux-gnu/11.2.0/include --sys_include /usr/local/include --sys_include /sw/spack-levante/gcc-11.2.0-bcn7mb/include --sys_include /sw/spack-levante/gcc-11.2.0-bcn7mb/lib/gcc/x86_64-pc-linux-gnu/11.2.0/include-fixed --sys_include /usr/include -D__PGLLVM__ -D__NVCOMPILER_LLVM__ -D__extension__= --preinclude _cplus_preinclude.h --preinclude_macros _cplus_macros.h --gnu_version=110200 -D__pgnu_vsn=110200 --no_fixed_bp --dependencies_target_to_stdout CMakeFiles/cmTC_96e7d.dir/CMakeCXXCompilerABI.cpp.o --dependencies_to_file CMakeFiles/cmTC_96e7d.dir/CMakeCXXCompilerABI.cpp.o.d -q -o /tmp/nvc++ymo4ni0sb97Sf.il /sw/spack-levante/cmake-3.23.1-wit2ed/share/cmake-3.23/Modules/CMakeCXXCompilerABI.cpp -- /sw/spack-levante/cmake-3.23.1-wit2ed/share/cmake-3.23/Modules/CMakeCXXCompilerABI.cpp -opt 1 -x 119 0xa10000 -x 122 0x40 -x 123 0x1000 -x 127 4 -x 127 17 -x 19 0x400000 -x 28 0x40000 -x 120 0x10000000 -x 70 0x8000 -x 122 1 -x 125 0x20000 -quad -x 59 4 -tp znver3 -x 120 0x1000 -astype 0 -x 121 1 -fn /sw/spack-levante/cmake-3.23.1-wit2ed/share/cmake-3.23/Modules/CMakeCXXCompilerABI.cpp -il /tmp/nvc++ymo4ni0sb97Sf.il -x 117 0x200 -x 123 0x80000000 -x 123 4 -x 2 0x400 -x 209 0x10 -x 119 0x20 -def __pgnu_vsn=110200 -x 70 0x40000000 -x 183 4 -x 121 0x800 -x 6 0x20000 -x 249 170 -x 120 0x200000 -x 70 0x40000000 -x 8 0x40000000 -x 164 0x800000 -x 71 0x2000 -x 71 0x4000 -x 34 0x40000000 -x 120 0x1000000 -x 73 0x04 -x 231 0x800 -x 68 0x1 -x 39 4 -x 56 0x10 -x 26 0x10 -x 26 1 -x 56 0x4000 -x 197 0 -x 175 0 -x 203 0 -x 204 0 -x 227 0xFFFF -y 163 0xc0000000 -x 189 0x10 -y 189 0x4000000 -x 60 512 -gnuvsn 110200 -x 69 0x200 -x 123 0x400 -cmdline '+nvc++ /sw/spack-levante/cmake-3.23.1-wit2ed/share/cmake-3.23/Modules/CMakeCXXCompilerABI.cpp -v -MD -MT CMakeFiles/cmTC_96e7d.dir/CMakeCXXCompilerABI.cpp.o -MF CMakeFiles/cmTC_96e7d.dir/CMakeCXXCompilerABI.cpp.o.d -o CMakeFiles/cmTC_96e7d.dir/CMakeCXXCompilerABI.cpp.o -c' -asm /tmp/nvc++ymo4ni_ZavDpK.ll
NVC++/x86-64 Linux 24.7-0: compilation successful

/sw/spack-levante/nvhpc-24.7-py26uc/Linux_x86_64/24.7/compilers/share/llvm/bin/llc /tmp/nvc++ymo4ni_ZavDpK.ll -march=x86-64 -mcpu=native -mattr=+mmx -mattr=+sse -mattr=+sse2 -mattr=+sse3 -mattr=+ssse3 -mattr=+sse4a -mattr=+sse4.1 -mattr=+sse4.2 -mattr=+avx -mattr=+avx2 -mattr=+f16c -mattr=+fma -mattr=+xsave -mattr=+xsaveopt -mattr=+xsavec -mattr=+xsaves -mattr=+popcnt -mattr=+sha -mattr=+aes -mattr=+pclmul -mattr=+clflushopt -mattr=+fsgsbase -mattr=+rdrnd -mattr=+bmi -mattr=+bmi2 -mattr=+lzcnt -mattr=+fxsr -mattr=+mwaitx -mattr=+clzero -mattr=+pku -mattr=+vaes -mattr=+vpclmulqdq -mattr=+adx -mattr=+clwb -mattr=+cx16 -mattr=+movbe -mattr=+prfchw -mattr=+rdpid -mattr=+rdseed -mattr=+sahf -mattr=+shstk -mattr=+wbnoinvd -O1 -x86-cmov-converter=0 -dwarf-directory=false -non-global-value-max-name-size=4294967295 --align-all-functions=6 -nvhpc-memzero -filetype=obj --frame-pointer=none -o CMakeFiles/cmTC_96e7d.dir/CMakeCXXCompilerABI.cpp.o
Unlinking /tmp/nvc++ymo4ni0sb97Sf.il
Unlinking /tmp/nvc++ymo4nivPxTyVy.s
Unlinking /tmp/nvc++ymo4ni_ZavDpK.ll
Unlinking /tmp/nvc++ymo4niVtti5VR.llvm
Linking CXX executable cmTC_96e7d
/sw/spack-levante/cmake-3.23.1-wit2ed/bin/cmake -E cmake_link_script CMakeFiles/cmTC_96e7d.dir/link.txt --verbose=1
/sw/spack-levante/nvhpc-24.7-py26uc/Linux_x86_64/24.7/compilers/bin/nvc++  -v CMakeFiles/cmTC_96e7d.dir/CMakeCXXCompilerABI.cpp.o -o cmTC_96e7d 
Export NVCOMPILER=/sw/spack-levante/nvhpc-24.7-py26uc/Linux_x86_64/24.7
Export PGI=/sw/spack-levante/nvhpc-24.7-py26uc

/usr/bin/ld /usr/lib64/crt1.o /usr/lib64/crti.o /sw/spack-levante/gcc-11.2.0-bcn7mb/lib/gcc/x86_64-pc-linux-gnu/11.2.0//crtbegin.o --eh-frame-hdr -m elf_x86_64 -dynamic-linker /lib64/ld-linux-x86-64.so.2 -T /sw/spack-levante/nvhpc-24.7-py26uc/Linux_x86_64/24.7/compilers/lib/nvhpc.ld -L/sw/spack-levante/nvhpc-24.7-py26uc/Linux_x86_64/24.7/compilers/lib -L/sw/spack-levante/nvhpc-24.7-py26uc/Linux_x86_64/24.7/compilers/lib -L/usr/lib64 -L/sw/spack-levante/gcc-11.2.0-bcn7mb/lib/gcc/x86_64-pc-linux-gnu/11.2.0/ CMakeFiles/cmTC_96e7d.dir/CMakeCXXCompilerABI.cpp.o -rpath /sw/spack-levante/nvhpc-24.7-py26uc/Linux_x86_64/24.7/compilers/lib -o cmTC_96e7d -L/sw/spack-levante/gcc-11.2.0-bcn7mb/lib/gcc/x86_64-pc-linux-gnu/11.2.0//../../../../lib64 -latomic -lnvhpcatm -lstdc++ -lnvomp -ldl --as-needed -lnvhpcatm -latomic --no-as-needed -lpthread -lnvcpumath -lnsnvc -lnvc -lgcc -lc -lgcc_s -lm /sw/spack-levante/gcc-11.2.0-bcn7mb/lib/gcc/x86_64-pc-linux-gnu/11.2.0//crtend.o /usr/lib64/crtn.o
gmake[1]: Leaving directory '/home/b/b383366/scc_at_isc25/build_std_cpu_single/CMakeFiles/CMakeTmp'



Parsed CXX implicit include dir info from above output: rv=start
  warn: unable to parse implicit include dirs!


Parsed CXX implicit link information from above output:
  link line regex: [^( *|.*[/\])(ld|CMAKE_LINK_STARTFILE-NOTFOUND|([^/\]+-)?ld|collect2)[^/\]*( |$)]
  ignore line: [Change Dir: /home/b/b383366/scc_at_isc25/build_std_cpu_single/CMakeFiles/CMakeTmp]
  ignore line: []
  ignore line: [Run Build Command(s):/sw/spack-levante/gmake-4.4.1-upl6sh/bin/gmake -f Makefile cmTC_96e7d/fast && /sw/spack-levante/gmake-4.4.1-upl6sh/bin/gmake  -f CMakeFiles/cmTC_96e7d.dir/build.make CMakeFiles/cmTC_96e7d.dir/build]
  ignore line: [gmake[1]: Entering directory '/home/b/b383366/scc_at_isc25/build_std_cpu_single/CMakeFiles/CMakeTmp']
  ignore line: [Building CXX object CMakeFiles/cmTC_96e7d.dir/CMakeCXXCompilerABI.cpp.o]
  ignore line: [/sw/spack-levante/nvhpc-24.7-py26uc/Linux_x86_64/24.7/compilers/bin/nvc++   -v -MD -MT CMakeFiles/cmTC_96e7d.dir/CMakeCXXCompilerABI.cpp.o -MF CMakeFiles/cmTC_96e7d.dir/CMakeCXXCompilerABI.cpp.o.d -o CMakeFiles/cmTC_96e7d.dir/CMakeCXXCompilerABI.cpp.o -c /sw/spack-levante/cmake-3.23.1-wit2ed/share/cmake-3.23/Modules/CMakeCXXCompilerABI.cpp]
  ignore line: [Export NVCOMPILER=/sw/spack-levante/nvhpc-24.7-py26uc/Linux_x86_64/24.7]
  ignore line: [Export PGI=/sw/spack-levante/nvhpc-24.7-py26uc]
  ignore line: [Create file CMakeFiles/cmTC_96e7d.dir/CMakeCXXCompilerABI.cpp.o.d]
  ignore line: []
  ignore line: [/sw/spack-levante/nvhpc-24.7-py26uc/Linux_x86_64/24.7/compilers/bin/tools/nvcpfe -- --llalign -D__GNUC__=11 -D__GNUC_MINOR__=2 -D__GNUC_PATCHLEVEL__=0 -D__unix -D__unix__ -Dunix -Dlinux -D__linux -D__linux__ -D__ELF__ -D__NO_MATH_INLINES -D__LP64__ -D__x86_64 -D__x86_64__ -D__LONG_MAX__=9223372036854775807L '-D__SIZE_TYPE__=unsigned long int' '-D__PTRDIFF_TYPE__=long int' -D__amd64 -D__amd64__ -D__k8 -D__k8__ -D__MMX__ -D__SSE_MATH__ -D__MMX_WITH_SSE__ -D__SSE__ -D__SSE2__ -D__SSE2_MATH__ -D__SSE3__ -D__SSSE3__ -D__SSE4A__ -D__SSE4_1__ -D__SSE4_2__ -D__ABM__ -D__ADX__ -D__AES__ -D__AVX__ -D__AVX2__ -D__BMI__ -D__BMI2__ -D__CLFLUSHOPT__ -D__CLWB__ -D__CLZERO__ -D__CX16__ -D__F16C__ -D__FMA__ -D__FSGSBASE__ -D__FXSR__ -D__LZCNT__ -D__MOVBE__ -D__MWAITX__ -D__PCLMUL__ -D__PKU__ -D__POPCNT__ -D__PRFCHW__ -D__RDPID__ -D__RDRND__ -D__RDSEED__ -D__LAHF_SAHF__ -D__SHA__ -D__SHSTK__ -D__VAES__ -D__VPCLMULQDQ__ -D__WBNOINVD__ -D__XSAVE__ -D__XSAVEC__ -D__XSAVEOPT__ -D__XSAVES__ -D__PGI -D__NVCOMPILER -D_GNU_SOURCE -D_PGCG_SOURCE -I- --sys_include /sw/spack-levante/nvhpc-24.7-py26uc/Linux_x86_64/24.7/compilers/include --sys_include /sw/spack-levante/nvhpc-24.7-py26uc/Linux_x86_64/24.7/compilers/include-stdexec --sys_include /sw/spack-levante/gcc-11.2.0-bcn7mb/lib/gcc/x86_64-pc-linux-gnu/11.2.0/../../../../include/c++/11.2.0 --sys_include /sw/spack-levante/gcc-11.2.0-bcn7mb/lib/gcc/x86_64-pc-linux-gnu/11.2.0/../../../../include/c++/11.2.0/x86_64-pc-linux-gnu --sys_include /sw/spack-levante/gcc-11.2.0-bcn7mb/lib/gcc/x86_64-pc-linux-gnu/11.2.0/../../../../include/c++/11.2.0/backward --sys_include /sw/spack-levante/gcc-11.2.0-bcn7mb/lib/gcc/x86_64-pc-linux-gnu/11.2.0/include --sys_include /usr/local/include --sys_include /sw/spack-levante/gcc-11.2.0-bcn7mb/include --sys_include /sw/spack-levante/gcc-11.2.0-bcn7mb/lib/gcc/x86_64-pc-linux-gnu/11.2.0/include-fixed --sys_include /usr/include -D__PGLLVM__ -D__NVCOMPILER_LLVM__ -D__extension__= --preinclude _cplus_preinclude.h --preinclude_macros _cplus_macros.h --gnu_version=110200 -D__pgnu_vsn=110200 --no_fixed_bp --dependencies_target_to_stdout CMakeFiles/cmTC_96e7d.dir/CMakeCXXCompilerABI.cpp.o --dependencies_to_file CMakeFiles/cmTC_96e7d.dir/CMakeCXXCompilerABI.cpp.o.d -q -o /tmp/nvc++ymo4ni0sb97Sf.il /sw/spack-levante/cmake-3.23.1-wit2ed/share/cmake-3.23/Modules/CMakeCXXCompilerABI.cpp -- /sw/spack-levante/cmake-3.23.1-wit2ed/share/cmake-3.23/Modules/CMakeCXXCompilerABI.cpp -opt 1 -x 119 0xa10000 -x 122 0x40 -x 123 0x1000 -x 127 4 -x 127 17 -x 19 0x400000 -x 28 0x40000 -x 120 0x10000000 -x 70 0x8000 -x 122 1 -x 125 0x20000 -quad -x 59 4 -tp znver3 -x 120 0x1000 -astype 0 -x 121 1 -fn /sw/spack-levante/cmake-3.23.1-wit2ed/share/cmake-3.23/Modules/CMakeCXXCompilerABI.cpp -il /tmp/nvc++ymo4ni0sb97Sf.il -x 117 0x200 -x 123 0x80000000 -x 123 4 -x 2 0x400 -x 209 0x10 -x 119 0x20 -def __pgnu_vsn=110200 -x 70 0x40000000 -x 183 4 -x 121 0x800 -x 6 0x20000 -x 249 170 -x 120 0x200000 -x 70 0x40000000 -x 8 0x40000000 -x 164 0x800000 -x 71 0x2000 -x 71 0x4000 -x 34 0x40000000 -x 120 0x1000000 -x 73 0x04 -x 231 0x800 -x 68 0x1 -x 39 4 -x 56 0x10 -x 26 0x10 -x 26 1 -x 56 0x4000 -x 197 0 -x 175 0 -x 203 0 -x 204 0 -x 227 0xFFFF -y 163 0xc0000000 -x 189 0x10 -y 189 0x4000000 -x 60 512 -gnuvsn 110200 -x 69 0x200 -x 123 0x400 -cmdline '+nvc++ /sw/spack-levante/cmake-3.23.1-wit2ed/share/cmake-3.23/Modules/CMakeCXXCompilerABI.cpp -v -MD -MT CMakeFiles/cmTC_96e7d.dir/CMakeCXXCompilerABI.cpp.o -MF CMakeFiles/cmTC_96e7d.dir/CMakeCXXCompilerABI.cpp.o.d -o CMakeFiles/cmTC_96e7d.dir/CMakeCXXCompilerABI.cpp.o -c' -asm /tmp/nvc++ymo4ni_ZavDpK.ll]
  ignore line: [NVC++/x86-64 Linux 24.7-0: compilation successful]
  ignore line: []
  ignore line: [/sw/spack-levante/nvhpc-24.7-py26uc/Linux_x86_64/24.7/compilers/share/llvm/bin/llc /tmp/nvc++ymo4ni_ZavDpK.ll -march=x86-64 -mcpu=native -mattr=+mmx -mattr=+sse -mattr=+sse2 -mattr=+sse3 -mattr=+ssse3 -mattr=+sse4a -mattr=+sse4.1 -mattr=+sse4.2 -mattr=+avx -mattr=+avx2 -mattr=+f16c -mattr=+fma -mattr=+xsave -mattr=+xsaveopt -mattr=+xsavec -mattr=+xsaves -mattr=+popcnt -mattr=+sha -mattr=+aes -mattr=+pclmul -mattr=+clflushopt -mattr=+fsgsbase -mattr=+rdrnd -mattr=+bmi -mattr=+bmi2 -mattr=+lzcnt -mattr=+fxsr -mattr=+mwaitx -mattr=+clzero -mattr=+pku -mattr=+vaes -mattr=+vpclmulqdq -mattr=+adx -mattr=+clwb -mattr=+cx16 -mattr=+movbe -mattr=+prfchw -mattr=+rdpid -mattr=+rdseed -mattr=+sahf -mattr=+shstk -mattr=+wbnoinvd -O1 -x86-cmov-converter=0 -dwarf-directory=false -non-global-value-max-name-size=4294967295 --align-all-functions=6 -nvhpc-memzero -filetype=obj --frame-pointer=none -o CMakeFiles/cmTC_96e7d.dir/CMakeCXXCompilerABI.cpp.o]
  ignore line: [Unlinking /tmp/nvc++ymo4ni0sb97Sf.il]
  ignore line: [Unlinking /tmp/nvc++ymo4nivPxTyVy.s]
  ignore line: [Unlinking /tmp/nvc++ymo4ni_ZavDpK.ll]
  ignore line: [Unlinking /tmp/nvc++ymo4niVtti5VR.llvm]
  ignore line: [Linking CXX executable cmTC_96e7d]
  ignore line: [/sw/spack-levante/cmake-3.23.1-wit2ed/bin/cmake -E cmake_link_script CMakeFiles/cmTC_96e7d.dir/link.txt --verbose=1]
  ignore line: [/sw/spack-levante/nvhpc-24.7-py26uc/Linux_x86_64/24.7/compilers/bin/nvc++  -v CMakeFiles/cmTC_96e7d.dir/CMakeCXXCompilerABI.cpp.o -o cmTC_96e7d ]
  ignore line: [Export NVCOMPILER=/sw/spack-levante/nvhpc-24.7-py26uc/Linux_x86_64/24.7]
  ignore line: [Export PGI=/sw/spack-levante/nvhpc-24.7-py26uc]
  ignore line: []
  link line: [/usr/bin/ld /usr/lib64/crt1.o /usr/lib64/crti.o /sw/spack-levante/gcc-11.2.0-bcn7mb/lib/gcc/x86_64-pc-linux-gnu/11.2.0//crtbegin.o --eh-frame-hdr -m elf_x86_64 -dynamic-linker /lib64/ld-linux-x86-64.so.2 -T /sw/spack-levante/nvhpc-24.7-py26uc/Linux_x86_64/24.7/compilers/lib/nvhpc.ld -L/sw/spack-levante/nvhpc-24.7-py26uc/Linux_x86_64/24.7/compilers/lib -L/sw/spack-levante/nvhpc-24.7-py26uc/Linux_x86_64/24.7/compilers/lib -L/usr/lib64 -L/sw/spack-levante/gcc-11.2.0-bcn7mb/lib/gcc/x86_64-pc-linux-gnu/11.2.0/ CMakeFiles/cmTC_96e7d.dir/CMakeCXXCompilerABI.cpp.o -rpath /sw/spack-levante/nvhpc-24.7-py26uc/Linux_x86_64/24.7/compilers/lib -o cmTC_96e7d -L/sw/spack-levante/gcc-11.2.0-bcn7mb/lib/gcc/x86_64-pc-linux-gnu/11.2.0//../../../../lib64 -latomic -lnvhpcatm -lstdc++ -lnvomp -ldl --as-needed -lnvhpcatm -latomic --no-as-needed -lpthread -lnvcpumath -lnsnvc -lnvc -lgcc -lc -lgcc_s -lm /sw/spack-levante/gcc-11.2.0-bcn7mb/lib/gcc/x86_64-pc-linux-gnu/11.2.0//crtend.o /usr/lib64/crtn.o]
    arg [/usr/bin/ld] ==> ignore
    arg [/usr/lib64/crt1.o] ==> obj [/usr/lib64/crt1.o]
    arg [/usr/lib64/crti.o] ==> obj [/usr/lib64/crti.o]
    arg [/sw/spack-levante/gcc-11.2.0-bcn7mb/lib/gcc/x86_64-pc-linux-gnu/11.2.0//crtbegin.o] ==> obj [/sw/spack-levante/gcc-11.2.0-bcn7mb/lib/gcc/x86_64-pc-linux-gnu/11.2.0//crtbegin.o]
    arg [--eh-frame-hdr] ==> ignore
    arg [-m] ==> ignore
    arg [elf_x86_64] ==> ignore
    arg [-dynamic-linker] ==> ignore
    arg [/lib64/ld-linux-x86-64.so.2] ==> ignore
    arg [-T] ==> ignore
    arg [/sw/spack-levante/nvhpc-24.7-py26uc/Linux_x86_64/24.7/compilers/lib/nvhpc.ld] ==> ignore
    arg [-L/sw/spack-levante/nvhpc-24.7-py26uc/Linux_x86_64/24.7/compilers/lib] ==> dir [/sw/spack-levante/nvhpc-24.7-py26uc/Linux_x86_64/24.7/compilers/lib]
    arg [-L/sw/spack-levante/nvhpc-24.7-py26uc/Linux_x86_64/24.7/compilers/lib] ==> dir [/sw/spack-levante/nvhpc-24.7-py26uc/Linux_x86_64/24.7/compilers/lib]
    arg [-L/usr/lib64] ==> dir [/usr/lib64]
    arg [-L/sw/spack-levante/gcc-11.2.0-bcn7mb/lib/gcc/x86_64-pc-linux-gnu/11.2.0/] ==> dir [/sw/spack-levante/gcc-11.2.0-bcn7mb/lib/gcc/x86_64-pc-linux-gnu/11.2.0/]
    arg [CMakeFiles/cmTC_96e7d.dir/CMakeCXXCompilerABI.cpp.o] ==> ignore
    arg [-rpath] ==> ignore
    arg [/sw/spack-levante/nvhpc-24.7-py26uc/Linux_x86_64/24.7/compilers/lib] ==> ignore
    arg [-o] ==> ignore
    arg [cmTC_96e7d] ==> ignore
    arg [-L/sw/spack-levante/gcc-11.2.0-bcn7mb/lib/gcc/x86_64-pc-linux-gnu/11.2.0//../../../../lib64] ==> dir [/sw/spack-levante/gcc-11.2.0-bcn7mb/lib/gcc/x86_64-pc-linux-gnu/11.2.0//../../../../lib64]
    arg [-latomic] ==> lib [atomic]
    arg [-lnvhpcatm] ==> lib [nvhpcatm]
    arg [-lstdc++] ==> lib [stdc++]
    arg [-lnvomp] ==> lib [nvomp]
    arg [-ldl] ==> lib [dl]
    arg [--as-needed] ==> ignore
    arg [-lnvhpcatm] ==> lib [nvhpcatm]
    arg [-latomic] ==> lib [atomic]
    arg [--no-as-needed] ==> ignore
    arg [-lpthread] ==> lib [pthread]
    arg [-lnvcpumath] ==> lib [nvcpumath]
    arg [-lnsnvc] ==> lib [nsnvc]
    arg [-lnvc] ==> lib [nvc]
    arg [-lgcc] ==> lib [gcc]
    arg [-lc] ==> lib [c]
    arg [-lgcc_s] ==> lib [gcc_s]
    arg [-lm] ==> lib [m]
    arg [/sw/spack-levante/gcc-11.2.0-bcn7mb/lib/gcc/x86_64-pc-linux-gnu/11.2.0//crtend.o] ==> obj [/sw/spack-levante/gcc-11.2.0-bcn7mb/lib/gcc/x86_64-pc-linux-gnu/11.2.0//crtend.o]
    arg [/usr/lib64/crtn.o] ==> obj [/usr/lib64/crtn.o]
  collapse obj [/sw/spack-levante/gcc-11.2.0-bcn7mb/lib/gcc/x86_64-pc-linux-gnu/11.2.0//crtbegin.o] ==> [/sw/spack-levante/gcc-11.2.0-bcn7mb/lib/gcc/x86_64-pc-linux-gnu/11.2.0/crtbegin.o]
  collapse obj [/sw/spack-levante/gcc-11.2.0-bcn7mb/lib/gcc/x86_64-pc-linux-gnu/11.2.0//crtend.o] ==> [/sw/spack-levante/gcc-11.2.0-bcn7mb/lib/gcc/x86_64-pc-linux-gnu/11.2.0/crtend.o]
  collapse library dir [/sw/spack-levante/nvhpc-24.7-py26uc/Linux_x86_64/24.7/compilers/lib] ==> [/sw/spack-levante/nvhpc-24.7-py26uc/Linux_x86_64/24.7/compilers/lib]
  collapse library dir [/sw/spack-levante/nvhpc-24.7-py26uc/Linux_x86_64/24.7/compilers/lib] ==> [/sw/spack-levante/nvhpc-24.7-py26uc/Linux_x86_64/24.7/compilers/lib]
  collapse library dir [/usr/lib64] ==> [/usr/lib64]
  collapse library dir [/sw/spack-levante/gcc-11.2.0-bcn7mb/lib/gcc/x86_64-pc-linux-gnu/11.2.0/] ==> [/sw/spack-levante/gcc-11.2.0-bcn7mb/lib/gcc/x86_64-pc-linux-gnu/11.2.0]
  collapse library dir [/sw/spack-levante/gcc-11.2.0-bcn7mb/lib/gcc/x86_64-pc-linux-gnu/11.2.0//../../../../lib64] ==> [/sw/spack-levante/gcc-11.2.0-bcn7mb/lib64]
  implicit libs: [atomic;nvhpcatm;stdc++;nvomp;dl;nvhpcatm;atomic;pthread;nvcpumath;nsnvc;nvc;gcc;c;gcc_s;m]
  implicit objs: [/usr/lib64/crt1.o;/usr/lib64/crti.o;/sw/spack-levante/gcc-11.2.0-bcn7mb/lib/gcc/x86_64-pc-linux-gnu/11.2.0/crtbegin.o;/sw/spack-levante/gcc-11.2.0-bcn7mb/lib/gcc/x86_64-pc-linux-gnu/11.2.0/crtend.o;/usr/lib64/crtn.o]
  implicit dirs: [/sw/spack-levante/nvhpc-24.7-py26uc/Linux_x86_64/24.7/compilers/lib;/usr/lib64;/sw/spack-levante/gcc-11.2.0-bcn7mb/lib/gcc/x86_64-pc-linux-gnu/11.2.0;/sw/spack-levante/gcc-11.2.0-bcn7mb/lib64]
  implicit fwks: []


Compiling the C compiler identification source file "CMakeCCompilerId.c" succeeded.
Compiler: /sw/spack-levante/nvhpc-24.7-py26uc/Linux_x86_64/24.7/compilers/bin/nvc 
Build flags: 
Id flags:  

The output was:
0


Compilation of the C compiler identification source "CMakeCCompilerId.c" produced "a.out"

The C compiler identification is NVHPC, found in "/home/b/b383366/scc_at_isc25/build_std_cpu_single/CMakeFiles/3.23.1/CompilerIdC/a.out"

Detecting C compiler ABI info compiled with the following output:
Change Dir: /home/b/b383366/scc_at_isc25/build_std_cpu_single/CMakeFiles/CMakeTmp

Run Build Command(s):/sw/spack-levante/gmake-4.4.1-upl6sh/bin/gmake -f Makefile cmTC_9056a/fast && /sw/spack-levante/gmake-4.4.1-upl6sh/bin/gmake  -f CMakeFiles/cmTC_9056a.dir/build.make CMakeFiles/cmTC_9056a.dir/build
gmake[1]: Entering directory '/home/b/b383366/scc_at_isc25/build_std_cpu_single/CMakeFiles/CMakeTmp'
Building C object CMakeFiles/cmTC_9056a.dir/CMakeCCompilerABI.c.o
/sw/spack-levante/nvhpc-24.7-py26uc/Linux_x86_64/24.7/compilers/bin/nvc   -v -MD -MT CMakeFiles/cmTC_9056a.dir/CMakeCCompilerABI.c.o -MF CMakeFiles/cmTC_9056a.dir/CMakeCCompilerABI.c.o.d -o CMakeFiles/cmTC_9056a.dir/CMakeCCompilerABI.c.o -c /sw/spack-levante/cmake-3.23.1-wit2ed/share/cmake-3.23/Modules/CMakeCCompilerABI.c
Export NVCOMPILER=/sw/spack-levante/nvhpc-24.7-py26uc/Linux_x86_64/24.7
Export PGI=/sw/spack-levante/nvhpc-24.7-py26uc
Create file CMakeFiles/cmTC_9056a.dir/CMakeCCompilerABI.c.o.d

/sw/spack-levante/nvhpc-24.7-py26uc/Linux_x86_64/24.7/compilers/bin/tools/nvcpfe -- --llalign -D__GNUC__=11 -D__GNUC_MINOR__=2 -D__GNUC_PATCHLEVEL__=0 -D__unix -D__unix__ -Dunix -Dlinux -D__linux -D__linux__ -D__ELF__ -D__NO_MATH_INLINES -D__LP64__ -D__x86_64 -D__x86_64__ -D__LONG_MAX__=9223372036854775807L '-D__SIZE_TYPE__=unsigned long int' '-D__PTRDIFF_TYPE__=long int' -D__amd64 -D__amd64__ -D__k8 -D__k8__ -D__MMX__ -D__SSE_MATH__ -D__MMX_WITH_SSE__ -D__SSE__ -D__SSE2__ -D__SSE2_MATH__ -D__SSE3__ -D__SSSE3__ -D__SSE4A__ -D__SSE4_1__ -D__SSE4_2__ -D__ABM__ -D__ADX__ -D__AES__ -D__AVX__ -D__AVX2__ -D__BMI__ -D__BMI2__ -D__CLFLUSHOPT__ -D__CLWB__ -D__CLZERO__ -D__CX16__ -D__F16C__ -D__FMA__ -D__FSGSBASE__ -D__FXSR__ -D__LZCNT__ -D__MOVBE__ -D__MWAITX__ -D__PCLMUL__ -D__PKU__ -D__POPCNT__ -D__PRFCHW__ -D__RDPID__ -D__RDRND__ -D__RDSEED__ -D__LAHF_SAHF__ -D__SHA__ -D__SHSTK__ -D__VAES__ -D__VPCLMULQDQ__ -D__WBNOINVD__ -D__XSAVE__ -D__XSAVEC__ -D__XSAVEOPT__ -D__XSAVES__ -D__PGI -D__NVCOMPILER -D_PGCG_SOURCE --c -I- --sys_include /sw/spack-levante/nvhpc-24.7-py26uc/Linux_x86_64/24.7/compilers/include --sys_include /sw/spack-levante/nvhpc-24.7-py26uc/Linux_x86_64/24.7/compilers/include-stdexec --sys_include /sw/spack-levante/gcc-11.2.0-bcn7mb/lib/gcc/x86_64-pc-linux-gnu/11.2.0/include --sys_include /usr/local/include --sys_include /sw/spack-levante/gcc-11.2.0-bcn7mb/include --sys_include /sw/spack-levante/gcc-11.2.0-bcn7mb/lib/gcc/x86_64-pc-linux-gnu/11.2.0/include-fixed --sys_include /usr/include -D__PGLLVM__ -D__NVCOMPILER_LLVM__ -D__extension__= --preinclude _cplus_preinclude.h --preinclude_macros _cplus_macros.h --gnu_version=110200 -D__pgnu_vsn=110200 --no_fixed_bp --dependencies_target_to_stdout CMakeFiles/cmTC_9056a.dir/CMakeCCompilerABI.c.o --dependencies_to_file CMakeFiles/cmTC_9056a.dir/CMakeCCompilerABI.c.o.d -q -o /tmp/nvciBo4nyCrTuaHn.il /sw/spack-levante/cmake-3.23.1-wit2ed/share/cmake-3.23/Modules/CMakeCCompilerABI.c -- /sw/spack-levante/cmake-3.23.1-wit2ed/share/cmake-3.23/Modules/CMakeCCompilerABI.c -opt 1 -x 119 0xa10000 -x 122 0x40 -x 123 0x1000 -x 127 4 -x 127 17 -x 19 0x400000 -x 28 0x40000 -x 120 0x10000000 -x 70 0x8000 -x 122 1 -x 125 0x20000 -quad -x 59 4 -tp znver3 -x 120 0x1000 -astype 0 -x 121 1 -fn /sw/spack-levante/cmake-3.23.1-wit2ed/share/cmake-3.23/Modules/CMakeCCompilerABI.c -il /tmp/nvciBo4nyCrTuaHn.il -x 123 0x80000000 -x 123 4 -x 2 0x400 -x 209 0x10 -x 119 0x20 -def __pgnu_vsn=110200 -x 70 0x40000000 -x 183 4 -x 121 0x800 -x 6 0x20000 -x 122 0x400000 -y 125 0x100000 -x 249 170 -x 120 0x200000 -x 70 0x40000000 -x 8 0x40000000 -x 164 0x800000 -x 71 0x2000 -x 71 0x4000 -x 34 0x40000000 -x 120 0x1000000 -x 73 0x04 -x 231 0x800 -x 68 0x1 -x 39 4 -x 56 0x10 -x 26 0x10 -x 26 1 -x 56 0x4000 -x 197 0 -x 175 0 -x 203 0 -x 204 0 -x 227 0xFFFF -y 163 0xc0000000 -x 189 0x10 -y 189 0x4000000 -x 60 512 -gnuvsn 110200 -x 69 0x200 -x 123 0x400 -cmdline '+nvc /sw/spack-levante/cmake-3.23.1-wit2ed/share/cmake-3.23/Modules/CMakeCCompilerABI.c -v -MD -MT CMakeFiles/cmTC_9056a.dir/CMakeCCompilerABI.c.o -MF CMakeFiles/cmTC_9056a.dir/CMakeCCompilerABI.c.o.d -o CMakeFiles/cmTC_9056a.dir/CMakeCCompilerABI.c.o -c' -asm /tmp/nvciBo4ny6eBJ5B3.ll
NVC++/x86-64 Linux 24.7-0: compilation successful

/sw/spack-levante/nvhpc-24.7-py26uc/Linux_x86_64/24.7/compilers/share/llvm/bin/llc /tmp/nvciBo4ny6eBJ5B3.ll -march=x86-64 -mcpu=native -mattr=+mmx -mattr=+sse -mattr=+sse2 -mattr=+sse3 -mattr=+ssse3 -mattr=+sse4a -mattr=+sse4.1 -mattr=+sse4.2 -mattr=+avx -mattr=+avx2 -mattr=+f16c -mattr=+fma -mattr=+xsave -mattr=+xsaveopt -mattr=+xsavec -mattr=+xsaves -mattr=+popcnt -mattr=+sha -mattr=+aes -mattr=+pclmul -mattr=+clflushopt -mattr=+fsgsbase -mattr=+rdrnd -mattr=+bmi -mattr=+bmi2 -mattr=+lzcnt -mattr=+fxsr -mattr=+mwaitx -mattr=+clzero -mattr=+pku -mattr=+vaes -mattr=+vpclmulqdq -mattr=+adx -mattr=+clwb -mattr=+cx16 -mattr=+movbe -mattr=+prfchw -mattr=+rdpid -mattr=+rdseed -mattr=+sahf -mattr=+shstk -mattr=+wbnoinvd -O1 -x86-cmov-converter=0 -dwarf-directory=false -non-global-value-max-name-size=4294967295 --align-all-functions=6 -nvhpc-memzero -filetype=obj --frame-pointer=none -o CMakeFiles/cmTC_9056a.dir/CMakeCCompilerABI.c.o
Unlinking /tmp/nvciBo4nyCrTuaHn.il
Unlinking /tmp/nvciBo4ny-C7BRdO.s
Unlinking /tmp/nvciBo4ny6eBJ5B3.ll
Unlinking /tmp/nvciBo4nynSxDkqD.llvm
Linking C executable cmTC_9056a
/sw/spack-levante/cmake-3.23.1-wit2ed/bin/cmake -E cmake_link_script CMakeFiles/cmTC_9056a.dir/link.txt --verbose=1
/sw/spack-levante/nvhpc-24.7-py26uc/Linux_x86_64/24.7/compilers/bin/nvc  -v CMakeFiles/cmTC_9056a.dir/CMakeCCompilerABI.c.o -o cmTC_9056a 
Export NVCOMPILER=/sw/spack-levante/nvhpc-24.7-py26uc/Linux_x86_64/24.7
Export PGI=/sw/spack-levante/nvhpc-24.7-py26uc

/usr/bin/ld /usr/lib64/crt1.o /usr/lib64/crti.o /sw/spack-levante/gcc-11.2.0-bcn7mb/lib/gcc/x86_64-pc-linux-gnu/11.2.0//crtbegin.o --eh-frame-hdr -m elf_x86_64 -dynamic-linker /lib64/ld-linux-x86-64.so.2 -T /sw/spack-levante/nvhpc-24.7-py26uc/Linux_x86_64/24.7/compilers/lib/nvhpc.ld -L/sw/spack-levante/nvhpc-24.7-py26uc/Linux_x86_64/24.7/compilers/lib -L/sw/spack-levante/nvhpc-24.7-py26uc/Linux_x86_64/24.7/compilers/lib -L/usr/lib64 -L/sw/spack-levante/gcc-11.2.0-bcn7mb/lib/gcc/x86_64-pc-linux-gnu/11.2.0/ CMakeFiles/cmTC_9056a.dir/CMakeCCompilerABI.c.o -rpath /sw/spack-levante/nvhpc-24.7-py26uc/Linux_x86_64/24.7/compilers/lib -o cmTC_9056a -L/sw/spack-levante/gcc-11.2.0-bcn7mb/lib/gcc/x86_64-pc-linux-gnu/11.2.0//../../../../lib64 -lnvomp -ldl --as-needed -lnvhpcatm -latomic --no-as-needed -lpthread -lnvcpumath -lnsnvc -lnvc -lgcc -lc -lgcc_s -lm /sw/spack-levante/gcc-11.2.0-bcn7mb/lib/gcc/x86_64-pc-linux-gnu/11.2.0//crtend.o /usr/lib64/crtn.o
gmake[1]: Leaving directory '/home/b/b383366/scc_at_isc25/build_std_cpu_single/CMakeFiles/CMakeTmp'



Parsed C implicit include dir info from above output: rv=start
  warn: unable to parse implicit include dirs!


Parsed C implicit link information from above output:
  link line regex: [^( *|.*[/\])(ld|CMAKE_LINK_STARTFILE-NOTFOUND|([^/\]+-)?ld|collect2)[^/\]*( |$)]
  ignore line: [Change Dir: /home/b/b383366/scc_at_isc25/build_std_cpu_single/CMakeFiles/CMakeTmp]
  ignore line: []
  ignore line: [Run Build Command(s):/sw/spack-levante/gmake-4.4.1-upl6sh/bin/gmake -f Makefile cmTC_9056a/fast && /sw/spack-levante/gmake-4.4.1-upl6sh/bin/gmake  -f CMakeFiles/cmTC_9056a.dir/build.make CMakeFiles/cmTC_9056a.dir/build]
  ignore line: [gmake[1]: Entering directory '/home/b/b383366/scc_at_isc25/build_std_cpu_single/CMakeFiles/CMakeTmp']
  ignore line: [Building C object CMakeFiles/cmTC_9056a.dir/CMakeCCompilerABI.c.o]
  ignore line: [/sw/spack-levante/nvhpc-24.7-py26uc/Linux_x86_64/24.7/compilers/bin/nvc   -v -MD -MT CMakeFiles/cmTC_9056a.dir/CMakeCCompilerABI.c.o -MF CMakeFiles/cmTC_9056a.dir/CMakeCCompilerABI.c.o.d -o CMakeFiles/cmTC_9056a.dir/CMakeCCompilerABI.c.o -c /sw/spack-levante/cmake-3.23.1-wit2ed/share/cmake-3.23/Modules/CMakeCCompilerABI.c]
  ignore line: [Export NVCOMPILER=/sw/spack-levante/nvhpc-24.7-py26uc/Linux_x86_64/24.7]
  ignore line: [Export PGI=/sw/spack-levante/nvhpc-24.7-py26uc]
  ignore line: [Create file CMakeFiles/cmTC_9056a.dir/CMakeCCompilerABI.c.o.d]
  ignore line: []
  ignore line: [/sw/spack-levante/nvhpc-24.7-py26uc/Linux_x86_64/24.7/compilers/bin/tools/nvcpfe -- --llalign -D__GNUC__=11 -D__GNUC_MINOR__=2 -D__GNUC_PATCHLEVEL__=0 -D__unix -D__unix__ -Dunix -Dlinux -D__linux -D__linux__ -D__ELF__ -D__NO_MATH_INLINES -D__LP64__ -D__x86_64 -D__x86_64__ -D__LONG_MAX__=9223372036854775807L '-D__SIZE_TYPE__=unsigned long int' '-D__PTRDIFF_TYPE__=long int' -D__amd64 -D__amd64__ -D__k8 -D__k8__ -D__MMX__ -D__SSE_MATH__ -D__MMX_WITH_SSE__ -D__SSE__ -D__SSE2__ -D__SSE2_MATH__ -D__SSE3__ -D__SSSE3__ -D__SSE4A__ -D__SSE4_1__ -D__SSE4_2__ -D__ABM__ -D__ADX__ -D__AES__ -D__AVX__ -D__AVX2__ -D__BMI__ -D__BMI2__ -D__CLFLUSHOPT__ -D__CLWB__ -D__CLZERO__ -D__CX16__ -D__F16C__ -D__FMA__ -D__FSGSBASE__ -D__FXSR__ -D__LZCNT__ -D__MOVBE__ -D__MWAITX__ -D__PCLMUL__ -D__PKU__ -D__POPCNT__ -D__PRFCHW__ -D__RDPID__ -D__RDRND__ -D__RDSEED__ -D__LAHF_SAHF__ -D__SHA__ -D__SHSTK__ -D__VAES__ -D__VPCLMULQDQ__ -D__WBNOINVD__ -D__XSAVE__ -D__XSAVEC__ -D__XSAVEOPT__ -D__XSAVES__ -D__PGI -D__NVCOMPILER -D_PGCG_SOURCE --c -I- --sys_include /sw/spack-levante/nvhpc-24.7-py26uc/Linux_x86_64/24.7/compilers/include --sys_include /sw/spack-levante/nvhpc-24.7-py26uc/Linux_x86_64/24.7/compilers/include-stdexec --sys_include /sw/spack-levante/gcc-11.2.0-bcn7mb/lib/gcc/x86_64-pc-linux-gnu/11.2.0/include --sys_include /usr/local/include --sys_include /sw/spack-levante/gcc-11.2.0-bcn7mb/include --sys_include /sw/spack-levante/gcc-11.2.0-bcn7mb/lib/gcc/x86_64-pc-linux-gnu/11.2.0/include-fixed --sys_include /usr/include -D__PGLLVM__ -D__NVCOMPILER_LLVM__ -D__extension__= --preinclude _cplus_preinclude.h --preinclude_macros _cplus_macros.h --gnu_version=110200 -D__pgnu_vsn=110200 --no_fixed_bp --dependencies_target_to_stdout CMakeFiles/cmTC_9056a.dir/CMakeCCompilerABI.c.o --dependencies_to_file CMakeFiles/cmTC_9056a.dir/CMakeCCompilerABI.c.o.d -q -o /tmp/nvciBo4nyCrTuaHn.il /sw/spack-levante/cmake-3.23.1-wit2ed/share/cmake-3.23/Modules/CMakeCCompilerABI.c -- /sw/spack-levante/cmake-3.23.1-wit2ed/share/cmake-3.23/Modules/CMakeCCompilerABI.c -opt 1 -x 119 0xa10000 -x 122 0x40 -x 123 0x1000 -x 127 4 -x 127 17 -x 19 0x400000 -x 28 0x40000 -x 120 0x10000000 -x 70 0x8000 -x 122 1 -x 125 0x20000 -quad -x 59 4 -tp znver3 -x 120 0x1000 -astype 0 -x 121 1 -fn /sw/spack-levante/cmake-3.23.1-wit2ed/share/cmake-3.23/Modules/CMakeCCompilerABI.c -il /tmp/nvciBo4nyCrTuaHn.il -x 123 0x80000000 -x 123 4 -x 2 0x400 -x 209 0x10 -x 119 0x20 -def __pgnu_vsn=110200 -x 70 0x40000000 -x 183 4 -x 121 0x800 -x 6 0x20000 -x 122 0x400000 -y 125 0x100000 -x 249 170 -x 120 0x200000 -x 70 0x40000000 -x 8 0x40000000 -x 164 0x800000 -x 71 0x2000 -x 71 0x4000 -x 34 0x40000000 -x 120 0x1000000 -x 73 0x04 -x 231 0x800 -x 68 0x1 -x 39 4 -x 56 0x10 -x 26 0x10 -x 26 1 -x 56 0x4000 -x 197 0 -x 175 0 -x 203 0 -x 204 0 -x 227 0xFFFF -y 163 0xc0000000 -x 189 0x10 -y 189 0x4000000 -x 60 512 -gnuvsn 110200 -x 69 0x200 -x 123 0x400 -cmdline '+nvc /sw/spack-levante/cmake-3.23.1-wit2ed/share/cmake-3.23/Modules/CMakeCCompilerABI.c -v -MD -MT CMakeFiles/cmTC_9056a.dir/CMakeCCompilerABI.c.o -MF CMakeFiles/cmTC_9056a.dir/CMakeCCompilerABI.c.o.d -o CMakeFiles/cmTC_9056a.dir/CMakeCCompilerABI.c.o -c' -asm /tmp/nvciBo4ny6eBJ5B3.ll]
  ignore line: [NVC++/x86-64 Linux 24.7-0: compilation successful]
  ignore line: []
  ignore line: [/sw/spack-levante/nvhpc-24.7-py26uc/Linux_x86_64/24.7/compilers/share/llvm/bin/llc /tmp/nvciBo4ny6eBJ5B3.ll -march=x86-64 -mcpu=native -mattr=+mmx -mattr=+sse -mattr=+sse2 -mattr=+sse3 -mattr=+ssse3 -mattr=+sse4a -mattr=+sse4.1 -mattr=+sse4.2 -mattr=+avx -mattr=+avx2 -mattr=+f16c -mattr=+fma -mattr=+xsave -mattr=+xsaveopt -mattr=+xsavec -mattr=+xsaves -mattr=+popcnt -mattr=+sha -mattr=+aes -mattr=+pclmul -mattr=+clflushopt -mattr=+fsgsbase -mattr=+rdrnd -mattr=+bmi -mattr=+bmi2 -mattr=+lzcnt -mattr=+fxsr -mattr=+mwaitx -mattr=+clzero -mattr=+pku -mattr=+vaes -mattr=+vpclmulqdq -mattr=+adx -mattr=+clwb -mattr=+cx16 -mattr=+movbe -mattr=+prfchw -mattr=+rdpid -mattr=+rdseed -mattr=+sahf -mattr=+shstk -mattr=+wbnoinvd -O1 -x86-cmov-converter=0 -dwarf-directory=false -non-global-value-max-name-size=4294967295 --align-all-functions=6 -nvhpc-memzero -filetype=obj --frame-pointer=none -o CMakeFiles/cmTC_9056a.dir/CMakeCCompilerABI.c.o]
  ignore line: [Unlinking /tmp/nvciBo4nyCrTuaHn.il]
  ignore line: [Unlinking /tmp/nvciBo4ny-C7BRdO.s]
  ignore line: [Unlinking /tmp/nvciBo4ny6eBJ5B3.ll]
  ignore line: [Unlinking /tmp/nvciBo4nynSxDkqD.llvm]
  ignore line: [Linking C executable cmTC_9056a]
  ignore line: [/sw/spack-levante/cmake-3.23.1-wit2ed/bin/cmake -E cmake_link_script CMakeFiles/cmTC_9056a.dir/link.txt --verbose=1]
  ignore line: [/sw/spack-levante/nvhpc-24.7-py26uc/Linux_x86_64/24.7/compilers/bin/nvc  -v CMakeFiles/cmTC_9056a.dir/CMakeCCompilerABI.c.o -o cmTC_9056a ]
  ignore line: [Export NVCOMPILER=/sw/spack-levante/nvhpc-24.7-py26uc/Linux_x86_64/24.7]
  ignore line: [Export PGI=/sw/spack-levante/nvhpc-24.7-py26uc]
  ignore line: []
  link line: [/usr/bin/ld /usr/lib64/crt1.o /usr/lib64/crti.o /sw/spack-levante/gcc-11.2.0-bcn7mb/lib/gcc/x86_64-pc-linux-gnu/11.2.0//crtbegin.o --eh-frame-hdr -m elf_x86_64 -dynamic-linker /lib64/ld-linux-x86-64.so.2 -T /sw/spack-levante/nvhpc-24.7-py26uc/Linux_x86_64/24.7/compilers/lib/nvhpc.ld -L/sw/spack-levante/nvhpc-24.7-py26uc/Linux_x86_64/24.7/compilers/lib -L/sw/spack-levante/nvhpc-24.7-py26uc/Linux_x86_64/24.7/compilers/lib -L/usr/lib64 -L/sw/spack-levante/gcc-11.2.0-bcn7mb/lib/gcc/x86_64-pc-linux-gnu/11.2.0/ CMakeFiles/cmTC_9056a.dir/CMakeCCompilerABI.c.o -rpath /sw/spack-levante/nvhpc-24.7-py26uc/Linux_x86_64/24.7/compilers/lib -o cmTC_9056a -L/sw/spack-levante/gcc-11.2.0-bcn7mb/lib/gcc/x86_64-pc-linux-gnu/11.2.0//../../../../lib64 -lnvomp -ldl --as-needed -lnvhpcatm -latomic --no-as-needed -lpthread -lnvcpumath -lnsnvc -lnvc -lgcc -lc -lgcc_s -lm /sw/spack-levante/gcc-11.2.0-bcn7mb/lib/gcc/x86_64-pc-linux-gnu/11.2.0//crtend.o /usr/lib64/crtn.o]
    arg [/usr/bin/ld] ==> ignore
    arg [/usr/lib64/crt1.o] ==> obj [/usr/lib64/crt1.o]
    arg [/usr/lib64/crti.o] ==> obj [/usr/lib64/crti.o]
    arg [/sw/spack-levante/gcc-11.2.0-bcn7mb/lib/gcc/x86_64-pc-linux-gnu/11.2.0//crtbegin.o] ==> obj [/sw/spack-levante/gcc-11.2.0-bcn7mb/lib/gcc/x86_64-pc-linux-gnu/11.2.0//crtbegin.o]
    arg [--eh-frame-hdr] ==> ignore
    arg [-m] ==> ignore
    arg [elf_x86_64] ==> ignore
    arg [-dynamic-linker] ==> ignore
    arg [/lib64/ld-linux-x86-64.so.2] ==> ignore
    arg [-T] ==> ignore
    arg [/sw/spack-levante/nvhpc-24.7-py26uc/Linux_x86_64/24.7/compilers/lib/nvhpc.ld] ==> ignore
    arg [-L/sw/spack-levante/nvhpc-24.7-py26uc/Linux_x86_64/24.7/compilers/lib] ==> dir [/sw/spack-levante/nvhpc-24.7-py26uc/Linux_x86_64/24.7/compilers/lib]
    arg [-L/sw/spack-levante/nvhpc-24.7-py26uc/Linux_x86_64/24.7/compilers/lib] ==> dir [/sw/spack-levante/nvhpc-24.7-py26uc/Linux_x86_64/24.7/compilers/lib]
    arg [-L/usr/lib64] ==> dir [/usr/lib64]
    arg [-L/sw/spack-levante/gcc-11.2.0-bcn7mb/lib/gcc/x86_64-pc-linux-gnu/11.2.0/] ==> dir [/sw/spack-levante/gcc-11.2.0-bcn7mb/lib/gcc/x86_64-pc-linux-gnu/11.2.0/]
    arg [CMakeFiles/cmTC_9056a.dir/CMakeCCompilerABI.c.o] ==> ignore
    arg [-rpath] ==> ignore
    arg [/sw/spack-levante/nvhpc-24.7-py26uc/Linux_x86_64/24.7/compilers/lib] ==> ignore
    arg [-o] ==> ignore
    arg [cmTC_9056a] ==> ignore
    arg [-L/sw/spack-levante/gcc-11.2.0-bcn7mb/lib/gcc/x86_64-pc-linux-gnu/11.2.0//../../../../lib64] ==> dir [/sw/spack-levante/gcc-11.2.0-bcn7mb/lib/gcc/x86_64-pc-linux-gnu/11.2.0//../../../../lib64]
    arg [-lnvomp] ==> lib [nvomp]
    arg [-ldl] ==> lib [dl]
    arg [--as-needed] ==> ignore
    arg [-lnvhpcatm] ==> lib [nvhpcatm]
    arg [-latomic] ==> lib [atomic]
    arg [--no-as-needed] ==> ignore
    arg [-lpthread] ==> lib [pthread]
    arg [-lnvcpumath] ==> lib [nvcpumath]
    arg [-lnsnvc] ==> lib [nsnvc]
    arg [-lnvc] ==> lib [nvc]
    arg [-lgcc] ==> lib [gcc]
    arg [-lc] ==> lib [c]
    arg [-lgcc_s] ==> lib [gcc_s]
    arg [-lm] ==> lib [m]
    arg [/sw/spack-levante/gcc-11.2.0-bcn7mb/lib/gcc/x86_64-pc-linux-gnu/11.2.0//crtend.o] ==> obj [/sw/spack-levante/gcc-11.2.0-bcn7mb/lib/gcc/x86_64-pc-linux-gnu/11.2.0//crtend.o]
    arg [/usr/lib64/crtn.o] ==> obj [/usr/lib64/crtn.o]
  collapse obj [/sw/spack-levante/gcc-11.2.0-bcn7mb/lib/gcc/x86_64-pc-linux-gnu/11.2.0//crtbegin.o] ==> [/sw/spack-levante/gcc-11.2.0-bcn7mb/lib/gcc/x86_64-pc-linux-gnu/11.2.0/crtbegin.o]
  collapse obj [/sw/spack-levante/gcc-11.2.0-bcn7mb/lib/gcc/x86_64-pc-linux-gnu/11.2.0//crtend.o] ==> [/sw/spack-levante/gcc-11.2.0-bcn7mb/lib/gcc/x86_64-pc-linux-gnu/11.2.0/crtend.o]
  collapse library dir [/sw/spack-levante/nvhpc-24.7-py26uc/Linux_x86_64/24.7/compilers/lib] ==> [/sw/spack-levante/nvhpc-24.7-py26uc/Linux_x86_64/24.7/compilers/lib]
  collapse library dir [/sw/spack-levante/nvhpc-24.7-py26uc/Linux_x86_64/24.7/compilers/lib] ==> [/sw/spack-levante/nvhpc-24.7-py26uc/Linux_x86_64/24.7/compilers/lib]
  collapse library dir [/usr/lib64] ==> [/usr/lib64]
  collapse library dir [/sw/spack-levante/gcc-11.2.0-bcn7mb/lib/gcc/x86_64-pc-linux-gnu/11.2.0/] ==> [/sw/spack-levante/gcc-11.2.0-bcn7mb/lib/gcc/x86_64-pc-linux-gnu/11.2.0]
  collapse library dir [/sw/spack-levante/gcc-11.2.0-bcn7mb/lib/gcc/x86_64-pc-linux-gnu/11.2.0//../../../../lib64] ==> [/sw/spack-levante/gcc-11.2.0-bcn7mb/lib64]
  implicit libs: [nvomp;dl;nvhpcatm;atomic;pthread;nvcpumath;nsnvc;nvc;gcc;c;gcc_s;m]
  implicit objs: [/usr/lib64/crt1.o;/usr/lib64/crti.o;/sw/spack-levante/gcc-11.2.0-bcn7mb/lib/gcc/x86_64-pc-linux-gnu/11.2.0/crtbegin.o;/sw/spack-levante/gcc-11.2.0-bcn7mb/lib/gcc/x86_64-pc-linux-gnu/11.2.0/crtend.o;/usr/lib64/crtn.o]
  implicit dirs: [/sw/spack-levante/nvhpc-24.7-py26uc/Linux_x86_64/24.7/compilers/lib;/usr/lib64;/sw/spack-levante/gcc-11.2.0-bcn7mb/lib/gcc/x86_64-pc-linux-gnu/11.2.0;/sw/spack-levante/gcc-11.2.0-bcn7mb/lib64]
  implicit fwks: []


Determining if the include file pthread.h exists passed with the following output:
Change Dir: /home/b/b383366/scc_at_isc25/build_std_cpu_single/CMakeFiles/CMakeTmp

Run Build Command(s):/sw/spack-levante/gmake-4.4.1-upl6sh/bin/gmake -f Makefile cmTC_e9355/fast && /sw/spack-levante/gmake-4.4.1-upl6sh/bin/gmake  -f CMakeFiles/cmTC_e9355.dir/build.make CMakeFiles/cmTC_e9355.dir/build
gmake[1]: Entering directory '/home/b/b383366/scc_at_isc25/build_std_cpu_single/CMakeFiles/CMakeTmp'
Building C object CMakeFiles/cmTC_e9355.dir/CheckIncludeFile.c.o
/sw/spack-levante/nvhpc-24.7-py26uc/Linux_x86_64/24.7/compilers/bin/nvc    -MD -MT CMakeFiles/cmTC_e9355.dir/CheckIncludeFile.c.o -MF CMakeFiles/cmTC_e9355.dir/CheckIncludeFile.c.o.d -o CMakeFiles/cmTC_e9355.dir/CheckIncludeFile.c.o -c /home/b/b383366/scc_at_isc25/build_std_cpu_single/CMakeFiles/CMakeTmp/CheckIncludeFile.c
Linking C executable cmTC_e9355
/sw/spack-levante/cmake-3.23.1-wit2ed/bin/cmake -E cmake_link_script CMakeFiles/cmTC_e9355.dir/link.txt --verbose=1
/sw/spack-levante/nvhpc-24.7-py26uc/Linux_x86_64/24.7/compilers/bin/nvc CMakeFiles/cmTC_e9355.dir/CheckIncludeFile.c.o -o cmTC_e9355 
gmake[1]: Leaving directory '/home/b/b383366/scc_at_isc25/build_std_cpu_single/CMakeFiles/CMakeTmp'



Performing C SOURCE FILE Test CMAKE_HAVE_LIBC_PTHREAD succeeded with the following output:
Change Dir: /home/b/b383366/scc_at_isc25/build_std_cpu_single/CMakeFiles/CMakeTmp

Run Build Command(s):/sw/spack-levante/gmake-4.4.1-upl6sh/bin/gmake -f Makefile cmTC_2be98/fast && /sw/spack-levante/gmake-4.4.1-upl6sh/bin/gmake  -f CMakeFiles/cmTC_2be98.dir/build.make CMakeFiles/cmTC_2be98.dir/build
gmake[1]: Entering directory '/home/b/b383366/scc_at_isc25/build_std_cpu_single/CMakeFiles/CMakeTmp'
Building C object CMakeFiles/cmTC_2be98.dir/src.c.o
/sw/spack-levante/nvhpc-24.7-py26uc/Linux_x86_64/24.7/compilers/bin/nvc -DCMAKE_HAVE_LIBC_PTHREAD   -MD -MT CMakeFiles/cmTC_2be98.dir/src.c.o -MF CMakeFiles/cmTC_2be98.dir/src.c.o.d -o CMakeFiles/cmTC_2be98.dir/src.c.o -c /home/b/b383366/scc_at_isc25/build_std_cpu_single/CMakeFiles/CMakeTmp/src.c
Linking C executable cmTC_2be98
/sw/spack-levante/cmake-3.23.1-wit2ed/bin/cmake -E cmake_link_script CMakeFiles/cmTC_2be98.dir/link.txt --verbose=1
/sw/spack-levante/nvhpc-24.7-py26uc/Linux_x86_64/24.7/compilers/bin/nvc CMakeFiles/cmTC_2be98.dir/src.c.o -o cmTC_2be98 
gmake[1]: Leaving directory '/home/b/b383366/scc_at_isc25/build_std_cpu_single/CMakeFiles/CMakeTmp'


Source file was:
#include <pthread.h>

static void* test_func(void* data)
{
  return data;
}

int main(void)
{
  pthread_t thread;
  pthread_create(&thread, NULL, test_func, NULL);
  pthread_detach(thread);
  pthread_cancel(thread);
  pthread_join(thread, NULL);
  pthread_atfork(NULL, NULL, NULL);
  pthread_exit(NULL);

  return 0;
}

