compilation for architecture [cpu] using compilation chain [nvidia]

-- The CXX compiler identification is NVHPC 24.7.0
-- Detecting CXX compiler ABI info
-- Detecting CXX compiler ABI info - done
-- Check for working CXX compiler: /sw/spack-levante/nvhpc-24.7-py26uc/Linux_x86_64/24.7/compilers/bin/nvc++ - skipped
-- Detecting CXX compile features
-- Detecting CXX compile features - done
-- Found NetCDF: /sw/spack-levante/netcdf-c-main-k4lh4v/include (found version "4.9.3") found components: C CXX 
-- FindNetCDF defines targets:
--   - NetCDF::NetCDF_C [/sw/spack-levante/netcdf-c-main-k4lh4v/lib64/libnetcdf.so]
--   - NetCDF::NetCDF_CXX [/sw/spack-levante/netcdf-cxx4-4.3.1-42ju4n/lib/libnetcdf_c++4.so]
-- The C compiler identification is NVHPC 24.7.0
-- Detecting C compiler ABI info
-- Detecting C compiler ABI info - done
-- Check for working C compiler: /sw/spack-levante/nvhpc-24.7-py26uc/Linux_x86_64/24.7/compilers/bin/nvc - skipped
-- Detecting C compile features
-- Detecting C compile features - done
-- Build Googletest as part of muphys project
-- Found Python: /usr/bin/python3.11 (found version "3.11.5") found components: Interpreter 
-- Looking for pthread.h
-- Looking for pthread.h - found
-- Performing Test CMAKE_HAVE_LIBC_PTHREAD
-- Performing Test CMAKE_HAVE_LIBC_PTHREAD - Success
-- Found Threads: TRUE  
-- Configuring done
-- Generating done
-- Build files have been written to: /home/b/b383366/scc_at_isc25/build_std_cpu_double
[ 11%] Building CXX object implementations/std/CMakeFiles/muphys_implementation.dir/graupel.cpp.o
[ 11%] Building CXX object core/CMakeFiles/muphys_core.dir/common/utils.cpp.o
[ 16%] Building CXX object io/CMakeFiles/muphys_io.dir/io.cpp.o
[ 22%] Building CXX object _deps/googletest-build/googletest/CMakeFiles/gtest.dir/src/gtest-all.cc.o
[ 27%] Linking CXX shared library ../lib64/libmuphys_core.so
"/home/b/b383366/scc_at_isc25/build_std_cpu_double/_deps/googletest-src/googletest/src/gtest-internal-inl.h", line 636: warning: unknown attribute "optimize" [unrecognized_attribute]
        GTEST_NO_INLINE_ GTEST_NO_TAIL_CALL_;
                         ^

Remark: individual warnings can be suppressed with "--diag_suppress <warning-name>"

[ 27%] Built target muphys_core
[ 33%] Linking CXX shared library ../../lib64/libmuphys_implementation.so
"/home/b/b383366/scc_at_isc25/build_std_cpu_double/_deps/googletest-src/googletest/src/gtest.cc", line 6262: warning: unknown attribute "optimize" [unrecognized_attribute]
  GTEST_NO_INLINE_ GTEST_NO_TAIL_CALL_ std::string
                   ^

[ 33%] Built target muphys_implementation
[ 38%] Linking CXX shared library ../lib64/libmuphys_io.so
[ 38%] Built target muphys_io
[ 44%] Building CXX object CMakeFiles/graupel.dir/main.cpp.o
[ 50%] Linking CXX executable bin/graupel
[ 50%] Built target graupel
[ 55%] Linking CXX static library ../../../lib/libgtest.a
[ 55%] Built target gtest
[ 61%] Building CXX object _deps/googletest-build/googlemock/CMakeFiles/gmock.dir/src/gmock-all.cc.o
[ 66%] Building CXX object _deps/googletest-build/googletest/CMakeFiles/gtest_main.dir/src/gtest_main.cc.o
[ 72%] Linking CXX static library ../../../lib/libgtest_main.a
[ 72%] Built target gtest_main
[ 77%] Building CXX object test/CMakeFiles/muphys_core_test.dir/common.cc.o
[ 83%] Linking CXX static library ../../../lib/libgmock.a
[ 83%] Built target gmock
[ 88%] Building CXX object _deps/googletest-build/googlemock/CMakeFiles/gmock_main.dir/src/gmock_main.cc.o
[ 94%] Linking CXX executable ../bin/muphys_core_test
[ 94%] Built target muphys_core_test
[100%] Linking CXX static library ../../../lib/libgmock_main.a
[100%] Built target gmock_main
input file: /work/ka1273/atm_R2B08.nc
output file: /scratch/b/b383366/outputs/output_cpu_double.nc
itime: 0
dt: 30
qnc: 100
multirun =1
